
*** Running vivado
    with args -log nvdla_bd_wrapper.vds -m64 -product Vivado -mode batch -messageDb vivado.pb -notrace -source nvdla_bd_wrapper.tcl



****** Vivado v2025.1 (64-bit)
  **** SW Build 6140274 on Thu May 22 00:12:29 MDT 2025
  **** IP Build 6138677 on Thu May 22 03:10:11 MDT 2025
  **** SharedData Build 6139179 on Tue May 20 17:58:58 MDT 2025
  **** Start of session at: Fri Aug 22 15:24:09 2025
    ** Copyright 1986-2022 Xilinx, Inc. All Rights Reserved.
    ** Copyright 2022-2025 Advanced Micro Devices, Inc. All Rights Reserved.

source nvdla_bd_wrapper.tcl -notrace
create_project: Time (s): cpu = 00:00:07 ; elapsed = 00:00:05 . Memory (MB): peak = 603.859 ; gain = 212.371
INFO: [IP_Flow 19-234] Refreshing IP repositories
INFO: [IP_Flow 19-1700] Loaded user IP repository 'c:/Users/yusuf/AppData/Roaming/Xilinx/ip_repo'.
INFO: [IP_Flow 19-2313] Loaded Vivado IP repository 'C:/Xilinx/2025.1/Vivado/data/ip'.
Command: read_checkpoint -auto_incremental -incremental C:/Xilinx/nvdla_zynq_implementation/nvdla_zynq_implementation.srcs/utils_1/imports/synth_1/NV_nvdla_wrapper.dcp
INFO: [Vivado 12-5825] Read reference checkpoint from C:/Xilinx/nvdla_zynq_implementation/nvdla_zynq_implementation.srcs/utils_1/imports/synth_1/NV_nvdla_wrapper.dcp for incremental synthesis
INFO: [Vivado 12-7989] Please ensure there are no constraint changes
Command: synth_design -top nvdla_bd_wrapper -part xczu9eg-ffvb1156-2-e
Starting synth_design
Attempting to get a license for feature 'Synthesis' and/or device 'xczu9eg'
INFO: [Common 17-349] Got license for feature 'Synthesis' and/or device 'xczu9eg'
INFO: [Device 21-403] Loading part xczu9eg-ffvb1156-2-e
INFO: [Designutils 20-5440] No compile time benefit to using incremental synthesis; A full resynthesis will be run
INFO: [Designutils 20-4379] Flow is switching to default flow due to incremental criteria not met. If you would like to alter this behaviour and have the flow terminate instead, please set the following parameter config_implementation {autoIncr.Synth.RejectBehavior Terminate}
INFO: [Synth 8-7079] Multithreading enabled for synth_design using a maximum of 2 processes.
INFO: [Synth 8-7078] Launching helper process for spawning children vivado processes
INFO: [Synth 8-7075] Helper process launched with PID 23036
---------------------------------------------------------------------------------
Starting RTL Elaboration : Time (s): cpu = 00:00:05 ; elapsed = 00:00:05 . Memory (MB): peak = 1896.707 ; gain = 210.848
---------------------------------------------------------------------------------
INFO: [Synth 8-6157] synthesizing module 'nvdla_bd_wrapper' [C:/Xilinx/nvdla_zynq_implementation/nvdla_zynq_implementation.srcs/sources_1/imports/hdl/nvdla_bd_wrapper.v:13]
INFO: [Synth 8-6157] synthesizing module 'nvdla_bd' [c:/Xilinx/nvdla_zynq_implementation/nvdla_zynq_implementation.gen/sources_1/bd/nvdla_bd/synth/nvdla_bd.v:13]
INFO: [Synth 8-6157] synthesizing module 'nvdla_bd_NV_nvdla_wrapper_0_0' [C:/Xilinx/nvdla_zynq_implementation/nvdla_zynq_implementation.runs/synth_1/.Xil/Vivado-14552-DESKTOP-M3R0RID/realtime/nvdla_bd_NV_nvdla_wrapper_0_0_stub.v:6]
INFO: [Synth 8-6155] done synthesizing module 'nvdla_bd_NV_nvdla_wrapper_0_0' (0#1) [C:/Xilinx/nvdla_zynq_implementation/nvdla_zynq_implementation.runs/synth_1/.Xil/Vivado-14552-DESKTOP-M3R0RID/realtime/nvdla_bd_NV_nvdla_wrapper_0_0_stub.v:6]
WARNING: [Synth 8-7071] port 'm_axi_awuser' of module 'nvdla_bd_NV_nvdla_wrapper_0_0' is unconnected for instance 'NV_nvdla_wrapper_0' [c:/Xilinx/nvdla_zynq_implementation/nvdla_zynq_implementation.gen/sources_1/bd/nvdla_bd/synth/nvdla_bd.v:192]
WARNING: [Synth 8-7071] port 'm_axi_wuser' of module 'nvdla_bd_NV_nvdla_wrapper_0_0' is unconnected for instance 'NV_nvdla_wrapper_0' [c:/Xilinx/nvdla_zynq_implementation/nvdla_zynq_implementation.gen/sources_1/bd/nvdla_bd/synth/nvdla_bd.v:192]
WARNING: [Synth 8-7071] port 'm_axi_aruser' of module 'nvdla_bd_NV_nvdla_wrapper_0_0' is unconnected for instance 'NV_nvdla_wrapper_0' [c:/Xilinx/nvdla_zynq_implementation/nvdla_zynq_implementation.gen/sources_1/bd/nvdla_bd/synth/nvdla_bd.v:192]
WARNING: [Synth 8-7023] instance 'NV_nvdla_wrapper_0' of module 'nvdla_bd_NV_nvdla_wrapper_0_0' has 55 connections declared, but only 52 given [c:/Xilinx/nvdla_zynq_implementation/nvdla_zynq_implementation.gen/sources_1/bd/nvdla_bd/synth/nvdla_bd.v:192]
INFO: [Synth 8-6157] synthesizing module 'nvdla_bd_axi_apb_bridge_0_0' [C:/Xilinx/nvdla_zynq_implementation/nvdla_zynq_implementation.runs/synth_1/.Xil/Vivado-14552-DESKTOP-M3R0RID/realtime/nvdla_bd_axi_apb_bridge_0_0_stub.v:6]
INFO: [Synth 8-6155] done synthesizing module 'nvdla_bd_axi_apb_bridge_0_0' (0#1) [C:/Xilinx/nvdla_zynq_implementation/nvdla_zynq_implementation.runs/synth_1/.Xil/Vivado-14552-DESKTOP-M3R0RID/realtime/nvdla_bd_axi_apb_bridge_0_0_stub.v:6]
INFO: [Synth 8-6157] synthesizing module 'nvdla_bd_axi_protocol_convert_0_0' [C:/Xilinx/nvdla_zynq_implementation/nvdla_zynq_implementation.runs/synth_1/.Xil/Vivado-14552-DESKTOP-M3R0RID/realtime/nvdla_bd_axi_protocol_convert_0_0_stub.v:6]
INFO: [Synth 8-6155] done synthesizing module 'nvdla_bd_axi_protocol_convert_0_0' (0#1) [C:/Xilinx/nvdla_zynq_implementation/nvdla_zynq_implementation.runs/synth_1/.Xil/Vivado-14552-DESKTOP-M3R0RID/realtime/nvdla_bd_axi_protocol_convert_0_0_stub.v:6]
WARNING: [Synth 8-7071] port 'm_axi_awregion' of module 'nvdla_bd_axi_protocol_convert_0_0' is unconnected for instance 'axi_protocol_convert_0' [c:/Xilinx/nvdla_zynq_implementation/nvdla_zynq_implementation.gen/sources_1/bd/nvdla_bd/synth/nvdla_bd.v:272]
WARNING: [Synth 8-7071] port 'm_axi_arregion' of module 'nvdla_bd_axi_protocol_convert_0_0' is unconnected for instance 'axi_protocol_convert_0' [c:/Xilinx/nvdla_zynq_implementation/nvdla_zynq_implementation.gen/sources_1/bd/nvdla_bd/synth/nvdla_bd.v:272]
WARNING: [Synth 8-7023] instance 'axi_protocol_convert_0' of module 'nvdla_bd_axi_protocol_convert_0_0' has 79 connections declared, but only 77 given [c:/Xilinx/nvdla_zynq_implementation/nvdla_zynq_implementation.gen/sources_1/bd/nvdla_bd/synth/nvdla_bd.v:272]
INFO: [Synth 8-6157] synthesizing module 'nvdla_bd_proc_sys_reset_0_0' [C:/Xilinx/nvdla_zynq_implementation/nvdla_zynq_implementation.runs/synth_1/.Xil/Vivado-14552-DESKTOP-M3R0RID/realtime/nvdla_bd_proc_sys_reset_0_0_stub.v:6]
INFO: [Synth 8-6155] done synthesizing module 'nvdla_bd_proc_sys_reset_0_0' (0#1) [C:/Xilinx/nvdla_zynq_implementation/nvdla_zynq_implementation.runs/synth_1/.Xil/Vivado-14552-DESKTOP-M3R0RID/realtime/nvdla_bd_proc_sys_reset_0_0_stub.v:6]
WARNING: [Synth 8-7071] port 'mb_reset' of module 'nvdla_bd_proc_sys_reset_0_0' is unconnected for instance 'proc_sys_reset_0' [c:/Xilinx/nvdla_zynq_implementation/nvdla_zynq_implementation.gen/sources_1/bd/nvdla_bd/synth/nvdla_bd.v:350]
WARNING: [Synth 8-7071] port 'bus_struct_reset' of module 'nvdla_bd_proc_sys_reset_0_0' is unconnected for instance 'proc_sys_reset_0' [c:/Xilinx/nvdla_zynq_implementation/nvdla_zynq_implementation.gen/sources_1/bd/nvdla_bd/synth/nvdla_bd.v:350]
WARNING: [Synth 8-7071] port 'peripheral_reset' of module 'nvdla_bd_proc_sys_reset_0_0' is unconnected for instance 'proc_sys_reset_0' [c:/Xilinx/nvdla_zynq_implementation/nvdla_zynq_implementation.gen/sources_1/bd/nvdla_bd/synth/nvdla_bd.v:350]
WARNING: [Synth 8-7071] port 'interconnect_aresetn' of module 'nvdla_bd_proc_sys_reset_0_0' is unconnected for instance 'proc_sys_reset_0' [c:/Xilinx/nvdla_zynq_implementation/nvdla_zynq_implementation.gen/sources_1/bd/nvdla_bd/synth/nvdla_bd.v:350]
WARNING: [Synth 8-7023] instance 'proc_sys_reset_0' of module 'nvdla_bd_proc_sys_reset_0_0' has 10 connections declared, but only 6 given [c:/Xilinx/nvdla_zynq_implementation/nvdla_zynq_implementation.gen/sources_1/bd/nvdla_bd/synth/nvdla_bd.v:350]
INFO: [Synth 8-6157] synthesizing module 'nvdla_bd_smartconnect_0_0' [C:/Xilinx/nvdla_zynq_implementation/nvdla_zynq_implementation.runs/synth_1/.Xil/Vivado-14552-DESKTOP-M3R0RID/realtime/nvdla_bd_smartconnect_0_0_stub.v:6]
INFO: [Synth 8-6155] done synthesizing module 'nvdla_bd_smartconnect_0_0' (0#1) [C:/Xilinx/nvdla_zynq_implementation/nvdla_zynq_implementation.runs/synth_1/.Xil/Vivado-14552-DESKTOP-M3R0RID/realtime/nvdla_bd_smartconnect_0_0_stub.v:6]
WARNING: [Synth 8-7071] port 'M00_AXI_awprot' of module 'nvdla_bd_smartconnect_0_0' is unconnected for instance 'smartconnect_0' [c:/Xilinx/nvdla_zynq_implementation/nvdla_zynq_implementation.gen/sources_1/bd/nvdla_bd/synth/nvdla_bd.v:357]
WARNING: [Synth 8-7071] port 'M00_AXI_wstrb' of module 'nvdla_bd_smartconnect_0_0' is unconnected for instance 'smartconnect_0' [c:/Xilinx/nvdla_zynq_implementation/nvdla_zynq_implementation.gen/sources_1/bd/nvdla_bd/synth/nvdla_bd.v:357]
WARNING: [Synth 8-7071] port 'M00_AXI_arprot' of module 'nvdla_bd_smartconnect_0_0' is unconnected for instance 'smartconnect_0' [c:/Xilinx/nvdla_zynq_implementation/nvdla_zynq_implementation.gen/sources_1/bd/nvdla_bd/synth/nvdla_bd.v:357]
WARNING: [Synth 8-7023] instance 'smartconnect_0' of module 'nvdla_bd_smartconnect_0_0' has 60 connections declared, but only 57 given [c:/Xilinx/nvdla_zynq_implementation/nvdla_zynq_implementation.gen/sources_1/bd/nvdla_bd/synth/nvdla_bd.v:357]
INFO: [Synth 8-6157] synthesizing module 'nvdla_bd_smartconnect_1_0' [C:/Xilinx/nvdla_zynq_implementation/nvdla_zynq_implementation.runs/synth_1/.Xil/Vivado-14552-DESKTOP-M3R0RID/realtime/nvdla_bd_smartconnect_1_0_stub.v:6]
INFO: [Synth 8-6155] done synthesizing module 'nvdla_bd_smartconnect_1_0' (0#1) [C:/Xilinx/nvdla_zynq_implementation/nvdla_zynq_implementation.runs/synth_1/.Xil/Vivado-14552-DESKTOP-M3R0RID/realtime/nvdla_bd_smartconnect_1_0_stub.v:6]
INFO: [Synth 8-6157] synthesizing module 'nvdla_bd_zynq_ultra_ps_e_0_0' [C:/Xilinx/nvdla_zynq_implementation/nvdla_zynq_implementation.runs/synth_1/.Xil/Vivado-14552-DESKTOP-M3R0RID/realtime/nvdla_bd_zynq_ultra_ps_e_0_0_stub.v:6]
INFO: [Synth 8-6155] done synthesizing module 'nvdla_bd_zynq_ultra_ps_e_0_0' (0#1) [C:/Xilinx/nvdla_zynq_implementation/nvdla_zynq_implementation.runs/synth_1/.Xil/Vivado-14552-DESKTOP-M3R0RID/realtime/nvdla_bd_zynq_ultra_ps_e_0_0_stub.v:6]
WARNING: [Synth 8-7071] port 'saxigp2_bid' of module 'nvdla_bd_zynq_ultra_ps_e_0_0' is unconnected for instance 'zynq_ultra_ps_e_0' [c:/Xilinx/nvdla_zynq_implementation/nvdla_zynq_implementation.gen/sources_1/bd/nvdla_bd/synth/nvdla_bd.v:488]
WARNING: [Synth 8-7071] port 'saxigp2_rid' of module 'nvdla_bd_zynq_ultra_ps_e_0_0' is unconnected for instance 'zynq_ultra_ps_e_0' [c:/Xilinx/nvdla_zynq_implementation/nvdla_zynq_implementation.gen/sources_1/bd/nvdla_bd/synth/nvdla_bd.v:488]
WARNING: [Synth 8-7071] port 'emio_i2c0_scl_o' of module 'nvdla_bd_zynq_ultra_ps_e_0_0' is unconnected for instance 'zynq_ultra_ps_e_0' [c:/Xilinx/nvdla_zynq_implementation/nvdla_zynq_implementation.gen/sources_1/bd/nvdla_bd/synth/nvdla_bd.v:488]
WARNING: [Synth 8-7071] port 'emio_i2c0_scl_t' of module 'nvdla_bd_zynq_ultra_ps_e_0_0' is unconnected for instance 'zynq_ultra_ps_e_0' [c:/Xilinx/nvdla_zynq_implementation/nvdla_zynq_implementation.gen/sources_1/bd/nvdla_bd/synth/nvdla_bd.v:488]
WARNING: [Synth 8-7071] port 'emio_i2c0_sda_o' of module 'nvdla_bd_zynq_ultra_ps_e_0_0' is unconnected for instance 'zynq_ultra_ps_e_0' [c:/Xilinx/nvdla_zynq_implementation/nvdla_zynq_implementation.gen/sources_1/bd/nvdla_bd/synth/nvdla_bd.v:488]
WARNING: [Synth 8-7071] port 'emio_i2c0_sda_t' of module 'nvdla_bd_zynq_ultra_ps_e_0_0' is unconnected for instance 'zynq_ultra_ps_e_0' [c:/Xilinx/nvdla_zynq_implementation/nvdla_zynq_implementation.gen/sources_1/bd/nvdla_bd/synth/nvdla_bd.v:488]
WARNING: [Synth 8-7023] instance 'zynq_ultra_ps_e_0' of module 'nvdla_bd_zynq_ultra_ps_e_0_0' has 89 connections declared, but only 83 given [c:/Xilinx/nvdla_zynq_implementation/nvdla_zynq_implementation.gen/sources_1/bd/nvdla_bd/synth/nvdla_bd.v:488]
INFO: [Synth 8-6155] done synthesizing module 'nvdla_bd' (0#1) [c:/Xilinx/nvdla_zynq_implementation/nvdla_zynq_implementation.gen/sources_1/bd/nvdla_bd/synth/nvdla_bd.v:13]
INFO: [Synth 8-6155] done synthesizing module 'nvdla_bd_wrapper' (0#1) [C:/Xilinx/nvdla_zynq_implementation/nvdla_zynq_implementation.srcs/sources_1/imports/hdl/nvdla_bd_wrapper.v:13]
---------------------------------------------------------------------------------
Finished RTL Elaboration : Time (s): cpu = 00:00:06 ; elapsed = 00:00:07 . Memory (MB): peak = 2014.773 ; gain = 328.914
---------------------------------------------------------------------------------
---------------------------------------------------------------------------------
Start Handling Custom Attributes
---------------------------------------------------------------------------------
---------------------------------------------------------------------------------
Finished Handling Custom Attributes : Time (s): cpu = 00:00:06 ; elapsed = 00:00:07 . Memory (MB): peak = 2014.773 ; gain = 328.914
---------------------------------------------------------------------------------
---------------------------------------------------------------------------------
Finished RTL Optimization Phase 1 : Time (s): cpu = 00:00:06 ; elapsed = 00:00:07 . Memory (MB): peak = 2014.773 ; gain = 328.914
---------------------------------------------------------------------------------
Netlist sorting complete. Time (s): cpu = 00:00:00 ; elapsed = 00:00:00.011 . Memory (MB): peak = 2014.773 ; gain = 0.000
INFO: [Project 1-570] Preparing netlist for logic optimization

Processing XDC Constraints
Initializing timing engine
Parsing XDC File [c:/Xilinx/nvdla_zynq_implementation/nvdla_zynq_implementation.gen/sources_1/bd/nvdla_bd/ip/nvdla_bd_zynq_ultra_ps_e_0_0/nvdla_bd_zynq_ultra_ps_e_0_0/nvdla_bd_zynq_ultra_ps_e_0_0_in_context.xdc] for cell 'nvdla_bd_i/zynq_ultra_ps_e_0'
Finished Parsing XDC File [c:/Xilinx/nvdla_zynq_implementation/nvdla_zynq_implementation.gen/sources_1/bd/nvdla_bd/ip/nvdla_bd_zynq_ultra_ps_e_0_0/nvdla_bd_zynq_ultra_ps_e_0_0/nvdla_bd_zynq_ultra_ps_e_0_0_in_context.xdc] for cell 'nvdla_bd_i/zynq_ultra_ps_e_0'
Parsing XDC File [c:/Xilinx/nvdla_zynq_implementation/nvdla_zynq_implementation.gen/sources_1/bd/nvdla_bd/ip/nvdla_bd_NV_nvdla_wrapper_0_0/nvdla_bd_NV_nvdla_wrapper_0_0/nvdla_bd_NV_nvdla_wrapper_0_0_in_context.xdc] for cell 'nvdla_bd_i/NV_nvdla_wrapper_0'
Finished Parsing XDC File [c:/Xilinx/nvdla_zynq_implementation/nvdla_zynq_implementation.gen/sources_1/bd/nvdla_bd/ip/nvdla_bd_NV_nvdla_wrapper_0_0/nvdla_bd_NV_nvdla_wrapper_0_0/nvdla_bd_NV_nvdla_wrapper_0_0_in_context.xdc] for cell 'nvdla_bd_i/NV_nvdla_wrapper_0'
Parsing XDC File [c:/Xilinx/nvdla_zynq_implementation/nvdla_zynq_implementation.gen/sources_1/bd/nvdla_bd/ip/nvdla_bd_smartconnect_0_0/nvdla_bd_smartconnect_0_0/nvdla_bd_smartconnect_0_0_in_context.xdc] for cell 'nvdla_bd_i/smartconnect_0'
Finished Parsing XDC File [c:/Xilinx/nvdla_zynq_implementation/nvdla_zynq_implementation.gen/sources_1/bd/nvdla_bd/ip/nvdla_bd_smartconnect_0_0/nvdla_bd_smartconnect_0_0/nvdla_bd_smartconnect_0_0_in_context.xdc] for cell 'nvdla_bd_i/smartconnect_0'
Parsing XDC File [c:/Xilinx/nvdla_zynq_implementation/nvdla_zynq_implementation.gen/sources_1/bd/nvdla_bd/ip/nvdla_bd_smartconnect_1_0/nvdla_bd_smartconnect_1_0/nvdla_bd_smartconnect_1_0_in_context.xdc] for cell 'nvdla_bd_i/smartconnect_1'
Finished Parsing XDC File [c:/Xilinx/nvdla_zynq_implementation/nvdla_zynq_implementation.gen/sources_1/bd/nvdla_bd/ip/nvdla_bd_smartconnect_1_0/nvdla_bd_smartconnect_1_0/nvdla_bd_smartconnect_1_0_in_context.xdc] for cell 'nvdla_bd_i/smartconnect_1'
Parsing XDC File [c:/Xilinx/nvdla_zynq_implementation/nvdla_zynq_implementation.gen/sources_1/bd/nvdla_bd/ip/nvdla_bd_proc_sys_reset_0_0/nvdla_bd_proc_sys_reset_0_0/nvdla_bd_proc_sys_reset_0_0_in_context.xdc] for cell 'nvdla_bd_i/proc_sys_reset_0'
Finished Parsing XDC File [c:/Xilinx/nvdla_zynq_implementation/nvdla_zynq_implementation.gen/sources_1/bd/nvdla_bd/ip/nvdla_bd_proc_sys_reset_0_0/nvdla_bd_proc_sys_reset_0_0/nvdla_bd_proc_sys_reset_0_0_in_context.xdc] for cell 'nvdla_bd_i/proc_sys_reset_0'
Parsing XDC File [c:/Xilinx/nvdla_zynq_implementation/nvdla_zynq_implementation.gen/sources_1/bd/nvdla_bd/ip/nvdla_bd_axi_apb_bridge_0_0/nvdla_bd_axi_apb_bridge_0_0/nvdla_bd_axi_apb_bridge_0_0_in_context.xdc] for cell 'nvdla_bd_i/axi_apb_bridge_0'
Finished Parsing XDC File [c:/Xilinx/nvdla_zynq_implementation/nvdla_zynq_implementation.gen/sources_1/bd/nvdla_bd/ip/nvdla_bd_axi_apb_bridge_0_0/nvdla_bd_axi_apb_bridge_0_0/nvdla_bd_axi_apb_bridge_0_0_in_context.xdc] for cell 'nvdla_bd_i/axi_apb_bridge_0'
Parsing XDC File [c:/Xilinx/nvdla_zynq_implementation/nvdla_zynq_implementation.gen/sources_1/bd/nvdla_bd/ip/nvdla_bd_axi_protocol_convert_0_0/nvdla_bd_axi_protocol_convert_0_0/nvdla_bd_axi_protocol_convert_0_0_in_context.xdc] for cell 'nvdla_bd_i/axi_protocol_convert_0'
Finished Parsing XDC File [c:/Xilinx/nvdla_zynq_implementation/nvdla_zynq_implementation.gen/sources_1/bd/nvdla_bd/ip/nvdla_bd_axi_protocol_convert_0_0/nvdla_bd_axi_protocol_convert_0_0/nvdla_bd_axi_protocol_convert_0_0_in_context.xdc] for cell 'nvdla_bd_i/axi_protocol_convert_0'
Parsing XDC File [C:/Xilinx/nvdla_zynq_implementation/nvdla_zynq_implementation.runs/synth_1/dont_touch.xdc]
Finished Parsing XDC File [C:/Xilinx/nvdla_zynq_implementation/nvdla_zynq_implementation.runs/synth_1/dont_touch.xdc]
Completed Processing XDC Constraints

Netlist sorting complete. Time (s): cpu = 00:00:00 ; elapsed = 00:00:00 . Memory (MB): peak = 2016.098 ; gain = 0.000
INFO: [Project 1-111] Unisim Transformation Summary:
No Unisim elements were transformed.

Constraint Validation Runtime : Time (s): cpu = 00:00:00 ; elapsed = 00:00:00.007 . Memory (MB): peak = 2016.098 ; gain = 0.000
INFO: [Designutils 20-5440] No compile time benefit to using incremental synthesis; A full resynthesis will be run
INFO: [Designutils 20-4379] Flow is switching to default flow due to incremental criteria not met. If you would like to alter this behaviour and have the flow terminate instead, please set the following parameter config_implementation {autoIncr.Synth.RejectBehavior Terminate}
---------------------------------------------------------------------------------
Finished Constraint Validation : Time (s): cpu = 00:00:18 ; elapsed = 00:00:19 . Memory (MB): peak = 2016.098 ; gain = 330.238
---------------------------------------------------------------------------------
---------------------------------------------------------------------------------
Start Loading Part and Timing Information
---------------------------------------------------------------------------------
Loading part: xczu9eg-ffvb1156-2-e
INFO: [Synth 8-6742] Reading net delay rules and data
---------------------------------------------------------------------------------
Finished Loading Part and Timing Information : Time (s): cpu = 00:00:18 ; elapsed = 00:00:19 . Memory (MB): peak = 2016.098 ; gain = 330.238
---------------------------------------------------------------------------------
---------------------------------------------------------------------------------
Start Applying 'set_property' XDC Constraints
---------------------------------------------------------------------------------
---------------------------------------------------------------------------------
Finished applying 'set_property' XDC Constraints : Time (s): cpu = 00:00:18 ; elapsed = 00:00:19 . Memory (MB): peak = 2016.098 ; gain = 330.238
---------------------------------------------------------------------------------
---------------------------------------------------------------------------------
Finished RTL Optimization Phase 2 : Time (s): cpu = 00:00:18 ; elapsed = 00:00:19 . Memory (MB): peak = 2016.098 ; gain = 330.238
---------------------------------------------------------------------------------
---------------------------------------------------------------------------------
Start RTL Component Statistics 
---------------------------------------------------------------------------------
Detailed RTL Component Info : 
---------------------------------------------------------------------------------
Finished RTL Component Statistics 
---------------------------------------------------------------------------------
---------------------------------------------------------------------------------
Start Part Resource Summary
---------------------------------------------------------------------------------
Part Resources:
DSPs: 2520 (col length:168)
BRAMs: 1824 (col length: RAMB18 168 RAMB36 84)
---------------------------------------------------------------------------------
Finished Part Resource Summary
---------------------------------------------------------------------------------
---------------------------------------------------------------------------------
Start Cross Boundary and Area Optimization
---------------------------------------------------------------------------------
WARNING: [Synth 8-7080] Parallel synthesis criteria is not met
---------------------------------------------------------------------------------
Finished Cross Boundary and Area Optimization : Time (s): cpu = 00:00:20 ; elapsed = 00:00:21 . Memory (MB): peak = 2034.531 ; gain = 348.672
---------------------------------------------------------------------------------
---------------------------------------------------------------------------------
Start Applying XDC Timing Constraints
---------------------------------------------------------------------------------
---------------------------------------------------------------------------------
Finished Applying XDC Timing Constraints : Time (s): cpu = 00:00:28 ; elapsed = 00:00:29 . Memory (MB): peak = 2751.133 ; gain = 1065.273
---------------------------------------------------------------------------------
---------------------------------------------------------------------------------
Start Timing Optimization
---------------------------------------------------------------------------------
---------------------------------------------------------------------------------
Finished Timing Optimization : Time (s): cpu = 00:00:28 ; elapsed = 00:00:29 . Memory (MB): peak = 2751.133 ; gain = 1065.273
---------------------------------------------------------------------------------
---------------------------------------------------------------------------------
Start Technology Mapping
---------------------------------------------------------------------------------
---------------------------------------------------------------------------------
Finished Technology Mapping : Time (s): cpu = 00:00:28 ; elapsed = 00:00:29 . Memory (MB): peak = 2762.750 ; gain = 1076.891
---------------------------------------------------------------------------------
---------------------------------------------------------------------------------
Start IO Insertion
---------------------------------------------------------------------------------
---------------------------------------------------------------------------------
Start Flattening Before IO Insertion
---------------------------------------------------------------------------------
---------------------------------------------------------------------------------
Finished Flattening Before IO Insertion
---------------------------------------------------------------------------------
---------------------------------------------------------------------------------
Start Final Netlist Cleanup
---------------------------------------------------------------------------------
---------------------------------------------------------------------------------
Finished Final Netlist Cleanup
---------------------------------------------------------------------------------
---------------------------------------------------------------------------------
Finished IO Insertion : Time (s): cpu = 00:00:31 ; elapsed = 00:00:33 . Memory (MB): peak = 2997.156 ; gain = 1311.297
---------------------------------------------------------------------------------
---------------------------------------------------------------------------------
Start Renaming Generated Instances
---------------------------------------------------------------------------------
---------------------------------------------------------------------------------
Finished Renaming Generated Instances : Time (s): cpu = 00:00:31 ; elapsed = 00:00:33 . Memory (MB): peak = 2997.156 ; gain = 1311.297
---------------------------------------------------------------------------------
---------------------------------------------------------------------------------
Start Rebuilding User Hierarchy
---------------------------------------------------------------------------------
---------------------------------------------------------------------------------
Finished Rebuilding User Hierarchy : Time (s): cpu = 00:00:31 ; elapsed = 00:00:33 . Memory (MB): peak = 2997.156 ; gain = 1311.297
---------------------------------------------------------------------------------
---------------------------------------------------------------------------------
Start Renaming Generated Ports
---------------------------------------------------------------------------------
---------------------------------------------------------------------------------
Finished Renaming Generated Ports : Time (s): cpu = 00:00:31 ; elapsed = 00:00:33 . Memory (MB): peak = 2997.156 ; gain = 1311.297
---------------------------------------------------------------------------------
---------------------------------------------------------------------------------
Start Handling Custom Attributes
---------------------------------------------------------------------------------
---------------------------------------------------------------------------------
Finished Handling Custom Attributes : Time (s): cpu = 00:00:31 ; elapsed = 00:00:33 . Memory (MB): peak = 2997.156 ; gain = 1311.297
---------------------------------------------------------------------------------
---------------------------------------------------------------------------------
Start Renaming Generated Nets
---------------------------------------------------------------------------------
---------------------------------------------------------------------------------
Finished Renaming Generated Nets : Time (s): cpu = 00:00:31 ; elapsed = 00:00:33 . Memory (MB): peak = 2997.156 ; gain = 1311.297
---------------------------------------------------------------------------------
---------------------------------------------------------------------------------
Start Writing Synthesis Report
---------------------------------------------------------------------------------

Report BlackBoxes: 
+------+----------------------------------+----------+
|      |BlackBox name                     |Instances |
+------+----------------------------------+----------+
|1     |nvdla_bd_NV_nvdla_wrapper_0_0     |         1|
|2     |nvdla_bd_axi_apb_bridge_0_0       |         1|
|3     |nvdla_bd_axi_protocol_convert_0_0 |         1|
|4     |nvdla_bd_proc_sys_reset_0_0       |         1|
|5     |nvdla_bd_smartconnect_0_0         |         1|
|6     |nvdla_bd_smartconnect_1_0         |         1|
|7     |nvdla_bd_zynq_ultra_ps_e_0_0      |         1|
+------+----------------------------------+----------+

Report Cell Usage: 
+------+--------------------------------+------+
|      |Cell                            |Count |
+------+--------------------------------+------+
|1     |nvdla_bd_NV_nvdla_wrapper_0     |     1|
|2     |nvdla_bd_axi_apb_bridge_0       |     1|
|3     |nvdla_bd_axi_protocol_convert_0 |     1|
|4     |nvdla_bd_proc_sys_reset_0       |     1|
|5     |nvdla_bd_smartconnect_0         |     1|
|6     |nvdla_bd_smartconnect_1         |     1|
|7     |nvdla_bd_zynq_ultra_ps_e_0      |     1|
+------+--------------------------------+------+
---------------------------------------------------------------------------------
Finished Writing Synthesis Report : Time (s): cpu = 00:00:31 ; elapsed = 00:00:33 . Memory (MB): peak = 2997.156 ; gain = 1311.297
---------------------------------------------------------------------------------
Synthesis finished with 0 errors, 0 critical warnings and 1 warnings.
Synthesis Optimization Runtime : Time (s): cpu = 00:00:19 ; elapsed = 00:00:27 . Memory (MB): peak = 2997.156 ; gain = 1309.973
Synthesis Optimization Complete : Time (s): cpu = 00:00:32 ; elapsed = 00:00:33 . Memory (MB): peak = 2997.156 ; gain = 1311.297
INFO: [Project 1-571] Translating synthesized netlist
Netlist sorting complete. Time (s): cpu = 00:00:00 ; elapsed = 00:00:00.012 . Memory (MB): peak = 2997.156 ; gain = 0.000
INFO: [Project 1-570] Preparing netlist for logic optimization
INFO: [Opt 31-138] Pushed 0 inverter(s) to 0 load pin(s).
Netlist sorting complete. Time (s): cpu = 00:00:00 ; elapsed = 00:00:00 . Memory (MB): peak = 2997.156 ; gain = 0.000
INFO: [Project 1-111] Unisim Transformation Summary:
No Unisim elements were transformed.

Synth Design complete | Checksum: ef16db4a
INFO: [Common 17-83] Releasing license: Synthesis
40 Infos, 24 Warnings, 0 Critical Warnings and 0 Errors encountered.
synth_design completed successfully
synth_design: Time (s): cpu = 00:00:39 ; elapsed = 00:00:43 . Memory (MB): peak = 2997.156 ; gain = 2327.684
INFO: [Common 17-1381] The checkpoint 'C:/Xilinx/nvdla_zynq_implementation/nvdla_zynq_implementation.runs/synth_1/nvdla_bd_wrapper.dcp' has been generated.
INFO: [Vivado 12-24828] Executing command : report_utilization -file nvdla_bd_wrapper_utilization_synth.rpt -pb nvdla_bd_wrapper_utilization_synth.pb
INFO: [Common 17-206] Exiting Vivado at Fri Aug 22 15:25:05 2025...
